c:\users\jan mark\documents\uni\3dg\textures tutorial\3dexample1\debug\vc142.pdb
c:\users\jan mark\documents\uni\3dg\textures tutorial\3dexample1\debug\vc142.idb
c:\users\jan mark\documents\uni\3dg\textures tutorial\3dexample1\debug\glee.obj
c:\users\jan mark\documents\uni\3dg\textures tutorial\3dexample1\debug\gltools.obj
c:\users\jan mark\documents\uni\3dg\textures tutorial\3dexample1\debug\main.obj
c:\users\jan mark\documents\uni\3dg\textures tutorial\3dexample1\debug\math3d.obj
c:\users\jan mark\documents\uni\3dg\textures tutorial\3dexample1\debug\glm.obj
c:\users\jan mark\documents\uni\3dg\textures tutorial\3dexample1\debug\camera.obj
c:\users\jan mark\documents\uni\3dg\textures tutorial\3dexample1\debug\crystals.obj
c:\users\jan mark\documents\uni\3dg\textures tutorial\3dexample1\debug\hoops.obj
c:\users\jan mark\documents\uni\3dg\textures tutorial\debug\3dexample1.exe
c:\users\jan mark\documents\uni\3dg\textures tutorial\debug\3dexample1.ilk
c:\users\jan mark\documents\uni\3dg\textures tutorial\debug\3dexample1.pdb
c:\users\jan mark\documents\uni\3dg\textures tutorial\3dexample1\debug\3dexample1.res
c:\users\jan mark\documents\uni\3dg\textures tutorial\3dexample1\debug\3dexample1.tlog\cl.command.1.tlog
c:\users\jan mark\documents\uni\3dg\textures tutorial\3dexample1\debug\3dexample1.tlog\cl.read.1.tlog
c:\users\jan mark\documents\uni\3dg\textures tutorial\3dexample1\debug\3dexample1.tlog\cl.write.1.tlog
c:\users\jan mark\documents\uni\3dg\textures tutorial\3dexample1\debug\3dexample1.tlog\link.15448.delete.1.tlog
c:\users\jan mark\documents\uni\3dg\textures tutorial\3dexample1\debug\3dexample1.tlog\link.35176.delete.1.tlog
c:\users\jan mark\documents\uni\3dg\textures tutorial\3dexample1\debug\3dexample1.tlog\link.44452.delete.1.tlog
c:\users\jan mark\documents\uni\3dg\textures tutorial\3dexample1\debug\3dexample1.tlog\link.7060.delete.1.tlog
c:\users\jan mark\documents\uni\3dg\textures tutorial\3dexample1\debug\3dexample1.tlog\link.command.1.tlog
c:\users\jan mark\documents\uni\3dg\textures tutorial\3dexample1\debug\3dexample1.tlog\link.read.1.tlog
c:\users\jan mark\documents\uni\3dg\textures tutorial\3dexample1\debug\3dexample1.tlog\link.write.1.tlog
c:\users\jan mark\documents\uni\3dg\textures tutorial\3dexample1\debug\3dexample1.tlog\rc.command.1.tlog
c:\users\jan mark\documents\uni\3dg\textures tutorial\3dexample1\debug\3dexample1.tlog\rc.read.1.tlog
c:\users\jan mark\documents\uni\3dg\textures tutorial\3dexample1\debug\3dexample1.tlog\rc.write.1.tlog
